#
# There is insufficient memory for the Java Runtime Environment to continue.
# Native memory allocation (malloc) failed to allocate 32744 bytes for ChunkPool::allocate
# Possible reasons:
#   The system is out of physical RAM or swap space
#   The process is running with CompressedOops enabled, and the Java Heap may be blocking the growth of the native heap
# Possible solutions:
#   Reduce memory load on the system
#   Increase physical memory or swap space
#   Check if swap backing store is full
#   Decrease Java heap size (-Xmx/-Xms)
#   Decrease number of Java threads
#   Decrease Java thread stack sizes (-Xss)
#   Set larger code cache with -XX:ReservedCodeCacheSize=
#   JVM is running with Unscaled Compressed Oops mode in which the Java heap is
#     placed in the first 4GB address space. The Java Heap base address is the
#     maximum limit for the native heap growth. Please use -XX:HeapBaseMinAddress
#     to set the Java Heap base and to place the Java Heap above 4GB virtual address.
# This output file may be truncated or incomplete.
#
#  Out of Memory Error (allocation.cpp:272), pid=25560, tid=0x00000000000072dc
#
# JRE version: OpenJDK Runtime Environment (8.0_242-b01) (build 1.8.0_242-release-1644-b01)
# Java VM: OpenJDK 64-Bit Server VM (25.242-b01 mixed mode windows-amd64 compressed oops)
# Failed to write core dump. Minidumps are not enabled by default on client versions of Windows
#

---------------  T H R E A D  ---------------

Current thread (0x0000000019832800):  JavaThread "C2 CompilerThread1" daemon [_thread_in_native, id=29404, stack(0x000000001a200000,0x000000001a300000)]

Stack: [0x000000001a200000,0x000000001a300000]
[error occurred during error reporting (printing stack bounds), id 0xc0000005]

Native frames: (J=compiled Java code, j=interpreted, Vv=VM code, C=native code)


Current CompileTask:
C2:  11235 2880       4       java.net.URLStreamHandler::equals (45 bytes)


---------------  P R O C E S S  ---------------

Java Threads: ( => current thread )
  0x0000000019894800 JavaThread "Cache worker for file content cache (C:\Users\Alaiz\.gradle\caches\6.5\fileContent)" [_thread_blocked, id=25000, stack(0x0000000022a40000,0x0000000022b40000)]
  0x0000000019894000 JavaThread "jar transforms" [_thread_blocked, id=26068, stack(0x0000000022940000,0x0000000022a40000)]
  0x0000000019892800 JavaThread "Cache worker for execution history cache (C:\Users\Alaiz\.gradle\caches\6.5\executionHistory)" [_thread_blocked, id=28220, stack(0x0000000022240000,0x0000000022340000)]
  0x0000000019891800 JavaThread "Cache worker for cache directory md-rule (C:\Users\Alaiz\.gradle\caches\6.5\md-rule)" [_thread_blocked, id=3936, stack(0x0000000022140000,0x0000000022240000)]
  0x0000000019891000 JavaThread "Cache worker for cache directory md-supplier (C:\Users\Alaiz\.gradle\caches\6.5\md-supplier)" [_thread_blocked, id=15860, stack(0x0000000020df0000,0x0000000020ef0000)]
  0x000000001988e000 JavaThread "Cache worker for checksums cache (C:\Users\Alaiz\AndroidStudioProjects\FoodRecipes\.gradle\checksums)" [_thread_blocked, id=29100, stack(0x0000000020cf0000,0x0000000020df0000)]
  0x000000001988e800 JavaThread "Cache worker for file hash cache (C:\Users\Alaiz\AndroidStudioProjects\FoodRecipes\.gradle\6.5\fileHashes)" [_thread_blocked, id=29800, stack(0x000000001e720000,0x000000001e820000)]
  0x000000001988f800 JavaThread "Cache worker for file hash cache (C:\Users\Alaiz\.gradle\caches\6.5\fileHashes)" [_thread_blocked, id=11076, stack(0x000000001e850000,0x000000001e950000)]
  0x0000000019893000 JavaThread "File lock request listener" [_thread_in_native, id=28708, stack(0x000000001e620000,0x000000001e720000)]
  0x000000001c738800 JavaThread "Cache worker for journal cache (C:\Users\Alaiz\.gradle\caches\journal-1)" [_thread_blocked, id=15384, stack(0x000000001e520000,0x000000001e620000)]
  0x000000001c464800 JavaThread "Thread-9" [_thread_blocked, id=22780, stack(0x000000001e220000,0x000000001e320000)]
  0x000000001c3aa000 JavaThread "Stdin handler" [_thread_blocked, id=29712, stack(0x000000001e120000,0x000000001e220000)]
  0x000000001c38f000 JavaThread "Asynchronous log dispatcher for DefaultDaemonConnection: socket connection from /127.0.0.1:14034 to /127.0.0.1:14035" [_thread_blocked, id=20672, stack(0x000000001e020000,0x000000001e120000)]
  0x000000001c3b2800 JavaThread "Daemon worker" [_thread_in_vm, id=14944, stack(0x000000001df20000,0x000000001e020000)]
  0x000000001c38c000 JavaThread "Cancel handler" [_thread_blocked, id=6488, stack(0x000000001de20000,0x000000001df20000)]
  0x000000001c368800 JavaThread "Handler for socket connection from /127.0.0.1:14034 to /127.0.0.1:14035" [_thread_in_native, id=30172, stack(0x000000001dd20000,0x000000001de20000)]
  0x000000001c361800 JavaThread "Daemon" [_thread_blocked, id=21716, stack(0x000000001dc20000,0x000000001dd20000)]
  0x000000001c35e000 JavaThread "Daemon periodic checks" [_thread_blocked, id=22716, stack(0x000000001d920000,0x000000001da20000)]
  0x000000001c302800 JavaThread "Incoming local TCP Connector on port 14034" [_thread_in_native, id=21236, stack(0x000000001d6e0000,0x000000001d7e0000)]
  0x000000001beb4000 JavaThread "Daemon health stats" [_thread_blocked, id=11416, stack(0x000000001d0a0000,0x000000001d1a0000)]
  0x0000000019922800 JavaThread "Service Thread" daemon [_thread_blocked, id=27532, stack(0x000000001a500000,0x000000001a600000)]
  0x0000000019890000 JavaThread "C1 CompilerThread3" daemon [_thread_blocked, id=18152, stack(0x000000001a400000,0x000000001a500000)]
  0x000000001987f000 JavaThread "C2 CompilerThread2" daemon [_thread_in_native, id=30620, stack(0x000000001a300000,0x000000001a400000)]
=>0x0000000019832800 JavaThread "C2 CompilerThread1" daemon [_thread_in_native, id=29404, stack(0x000000001a200000,0x000000001a300000)]
  0x0000000019830000 JavaThread "C2 CompilerThread0" daemon [_thread_in_native, id=28676, stack(0x000000001a100000,0x000000001a200000)]
  0x000000001987c000 JavaThread "Attach Listener" daemon [_thread_blocked, id=18296, stack(0x000000001a000000,0x000000001a100000)]
  0x000000001987b800 JavaThread "Signal Dispatcher" daemon [_thread_blocked, id=27572, stack(0x0000000019f00000,0x000000001a000000)]
  0x0000000019821800 JavaThread "Finalizer" daemon [_thread_blocked, id=29488, stack(0x0000000019d00000,0x0000000019e00000)]
  0x0000000019820800 JavaThread "Reference Handler" daemon [_thread_blocked, id=29456, stack(0x0000000019c00000,0x0000000019d00000)]
  0x00000000027ad800 JavaThread "main" [_thread_blocked, id=28964, stack(0x00000000027b0000,0x00000000028b0000)]

Other Threads:
  0x0000000017a18800 VMThread [stack: 0x0000000019700000,0x0000000019800000] [id=27704]
  0x0000000019923800 WatcherThread [stack: 0x000000001a600000,0x000000001a700000] [id=18376]

VM state:not at safepoint (normal execution)

VM Mutex/Monitor currently owned by a thread: None

heap address: 0x0000000080000000, size: 2048 MB, Compressed Oops mode: 32-bit
Narrow klass base: 0x0000000000000000, Narrow klass shift: 3
Compressed class space size: 1073741824 Address: 0x0000000100000000

Heap:
 PSYoungGen      total 113664K, used 16925K [0x00000000d5580000, 0x00000000dd100000, 0x0000000100000000)
  eden space 101376K, 16% used [0x00000000d5580000,0x00000000d66074d8,0x00000000db880000)
  from space 12288K, 0% used [0x00000000db880000,0x00000000db880000,0x00000000dc480000)
  to   space 11776K, 0% used [0x00000000dc480000,0x00000000dc480000,0x00000000dd000000)
 ParOldGen       total 98304K, used 15187K [0x0000000080000000, 0x0000000086000000, 0x00000000d5580000)
  object space 98304K, 15% used [0x0000000080000000,0x0000000080ed4e90,0x0000000086000000)
 Metaspace       used 35114K, capacity 36272K, committed 36392K, reserved 1081344K
  class space    used 4827K, capacity 5093K, committed 5168K, reserved 1048576K

Card table byte_map: [0x0000000011d70000,0x0000000012180000] byte_map_base: 0x0000000011970000

Marking Bits: (ParMarkBitMap*) 0x000000006b3cf030
 Begin Bits: [0x0000000012c30000, 0x0000000014c30000)
 End Bits:   [0x0000000014c30000, 0x0000000016c30000)

Polling page: 0x0000000000ec0000

CodeCache: size=245760Kb used=10948Kb max_used=10948Kb free=234811Kb
 bounds [0x00000000029b0000, 0x0000000003470000, 0x00000000119b0000]
 total_blobs=3580 nmethods=2888 adapters=605
 compilation: enabled

Compilation events (10 events):
Event: 11.076 Thread 0x0000000019890000 2873       3       org.gradle.internal.instantiation.generator.AsmBackedClassGenerator$ClassBuilderImpl::applyConventionMappingToGetter (480 bytes)
Event: 11.080 Thread 0x0000000019890000 nmethod 2873 0x0000000003458290 code [0x0000000003458840, 0x000000000345c458]
Event: 11.081 Thread 0x0000000019890000 2872  s    3       java.lang.StringBuffer::append (13 bytes)
Event: 11.081 Thread 0x0000000019890000 nmethod 2872 0x0000000003441090 code [0x0000000003441200, 0x0000000003441528]
Event: 11.170 Thread 0x0000000019890000 2877       3       java.lang.invoke.LambdaForm::lastUseIndex (76 bytes)
Event: 11.171 Thread 0x0000000019890000 nmethod 2877 0x0000000003445490 code [0x0000000003445620, 0x00000000034459e8]
Event: 11.174 Thread 0x0000000019890000 2879       1       java.util.Formatter::access$000 (5 bytes)
Event: 11.174 Thread 0x0000000019890000 nmethod 2879 0x00000000034451d0 code [0x0000000003445320, 0x0000000003445410]
Event: 11.187 Thread 0x0000000019832800 2880       4       java.net.URLStreamHandler::equals (45 bytes)
Event: 11.220 Thread 0x0000000019830000 2881       4       java.security.CodeSource::equals (60 bytes)

GC Heap History (10 events):
Event: 5.503 GC heap before
{Heap before GC invocations=5 (full 1):
 PSYoungGen      total 75776K, used 7458K [0x00000000d5580000, 0x00000000de980000, 0x0000000100000000)
  eden space 65024K, 0% used [0x00000000d5580000,0x00000000d5580000,0x00000000d9500000)
  from space 10752K, 69% used [0x00000000d9f80000,0x00000000da6c8878,0x00000000daa00000)
  to   space 10752K, 0% used [0x00000000d9500000,0x00000000d9500000,0x00000000d9f80000)
 ParOldGen       total 173568K, used 871K [0x0000000080000000, 0x000000008a980000, 0x00000000d5580000)
  object space 173568K, 0% used [0x0000000080000000,0x00000000800d9e80,0x000000008a980000)
 Metaspace       used 20640K, capacity 21220K, committed 21296K, reserved 1067008K
  class space    used 2881K, capacity 3076K, committed 3120K, reserved 1048576K
Event: 5.559 GC heap after
Heap after GC invocations=5 (full 1):
 PSYoungGen      total 75776K, used 0K [0x00000000d5580000, 0x00000000de980000, 0x0000000100000000)
  eden space 65024K, 0% used [0x00000000d5580000,0x00000000d5580000,0x00000000d9500000)
  from space 10752K, 0% used [0x00000000d9f80000,0x00000000d9f80000,0x00000000daa00000)
  to   space 10752K, 0% used [0x00000000d9500000,0x00000000d9500000,0x00000000d9f80000)
 ParOldGen       total 98304K, used 7277K [0x0000000080000000, 0x0000000086000000, 0x00000000d5580000)
  object space 98304K, 7% used [0x0000000080000000,0x000000008071b4d0,0x0000000086000000)
 Metaspace       used 20640K, capacity 21220K, committed 21296K, reserved 1067008K
  class space    used 2881K, capacity 3076K, committed 3120K, reserved 1048576K
}
Event: 8.262 GC heap before
{Heap before GC invocations=6 (full 1):
 PSYoungGen      total 75776K, used 65024K [0x00000000d5580000, 0x00000000de980000, 0x0000000100000000)
  eden space 65024K, 100% used [0x00000000d5580000,0x00000000d9500000,0x00000000d9500000)
  from space 10752K, 0% used [0x00000000d9f80000,0x00000000d9f80000,0x00000000daa00000)
  to   space 10752K, 0% used [0x00000000d9500000,0x00000000d9500000,0x00000000d9f80000)
 ParOldGen       total 98304K, used 7277K [0x0000000080000000, 0x0000000086000000, 0x00000000d5580000)
  object space 98304K, 7% used [0x0000000080000000,0x000000008071b4d0,0x0000000086000000)
 Metaspace       used 28756K, capacity 29604K, committed 29872K, reserved 1075200K
  class space    used 3976K, capacity 4220K, committed 4272K, reserved 1048576K
Event: 8.272 GC heap after
Heap after GC invocations=6 (full 1):
 PSYoungGen      total 75776K, used 8379K [0x00000000d5580000, 0x00000000dd000000, 0x0000000100000000)
  eden space 65024K, 0% used [0x00000000d5580000,0x00000000d5580000,0x00000000d9500000)
  from space 10752K, 77% used [0x00000000d9500000,0x00000000d9d2ed00,0x00000000d9f80000)
  to   space 11776K, 0% used [0x00000000dc480000,0x00000000dc480000,0x00000000dd000000)
 ParOldGen       total 98304K, used 7285K [0x0000000080000000, 0x0000000086000000, 0x00000000d5580000)
  object space 98304K, 7% used [0x0000000080000000,0x000000008071d4d0,0x0000000086000000)
 Metaspace       used 28756K, capacity 29604K, committed 29872K, reserved 1075200K
  class space    used 3976K, capacity 4220K, committed 4272K, reserved 1048576K
}
Event: 10.067 GC heap before
{Heap before GC invocations=7 (full 1):
 PSYoungGen      total 75776K, used 73403K [0x00000000d5580000, 0x00000000dd000000, 0x0000000100000000)
  eden space 65024K, 100% used [0x00000000d5580000,0x00000000d9500000,0x00000000d9500000)
  from space 10752K, 77% used [0x00000000d9500000,0x00000000d9d2ed00,0x00000000d9f80000)
  to   space 11776K, 0% used [0x00000000dc480000,0x00000000dc480000,0x00000000dd000000)
 ParOldGen       total 98304K, used 7285K [0x0000000080000000, 0x0000000086000000, 0x00000000d5580000)
  object space 98304K, 7% used [0x0000000080000000,0x000000008071d4d0,0x0000000086000000)
 Metaspace       used 32826K, capacity 33860K, committed 33968K, reserved 1079296K
  class space    used 4475K, capacity 4750K, committed 4784K, reserved 1048576K
Event: 10.089 GC heap after
Heap after GC invocations=7 (full 1):
 PSYoungGen      total 113152K, used 9503K [0x00000000d5580000, 0x00000000dd100000, 0x0000000100000000)
  eden space 101376K, 0% used [0x00000000d5580000,0x00000000d5580000,0x00000000db880000)
  from space 11776K, 80% used [0x00000000dc480000,0x00000000dcdc7f58,0x00000000dd000000)
  to   space 12288K, 0% used [0x00000000db880000,0x00000000db880000,0x00000000dc480000)
 ParOldGen       total 98304K, used 7293K [0x0000000080000000, 0x0000000086000000, 0x00000000d5580000)
  object space 98304K, 7% used [0x0000000080000000,0x000000008071f4d0,0x0000000086000000)
 Metaspace       used 32826K, capacity 33860K, committed 33968K, reserved 1079296K
  class space    used 4475K, capacity 4750K, committed 4784K, reserved 1048576K
}
Event: 10.769 GC heap before
{Heap before GC invocations=8 (full 1):
 PSYoungGen      total 113152K, used 40025K [0x00000000d5580000, 0x00000000dd100000, 0x0000000100000000)
  eden space 101376K, 30% used [0x00000000d5580000,0x00000000d734e850,0x00000000db880000)
  from space 11776K, 80% used [0x00000000dc480000,0x00000000dcdc7f58,0x00000000dd000000)
  to   space 12288K, 0% used [0x00000000db880000,0x00000000db880000,0x00000000dc480000)
 ParOldGen       total 98304K, used 7293K [0x0000000080000000, 0x0000000086000000, 0x00000000d5580000)
  object space 98304K, 7% used [0x0000000080000000,0x000000008071f4d0,0x0000000086000000)
 Metaspace       used 34253K, capacity 35380K, committed 35496K, reserved 1079296K
  class space    used 4708K, capacity 4969K, committed 5040K, reserved 1048576K
Event: 10.784 GC heap after
Heap after GC invocations=8 (full 1):
 PSYoungGen      total 113664K, used 8765K [0x00000000d5580000, 0x00000000dd100000, 0x0000000100000000)
  eden space 101376K, 0% used [0x00000000d5580000,0x00000000d5580000,0x00000000db880000)
  from space 12288K, 71% used [0x00000000db880000,0x00000000dc10f690,0x00000000dc480000)
  to   space 11776K, 0% used [0x00000000dc480000,0x00000000dc480000,0x00000000dd000000)
 ParOldGen       total 98304K, used 7301K [0x0000000080000000, 0x0000000086000000, 0x00000000d5580000)
  object space 98304K, 7% used [0x0000000080000000,0x00000000807214d0,0x0000000086000000)
 Metaspace       used 34253K, capacity 35380K, committed 35496K, reserved 1079296K
  class space    used 4708K, capacity 4969K, committed 5040K, reserved 1048576K
}
Event: 10.784 GC heap before
{Heap before GC invocations=9 (full 2):
 PSYoungGen      total 113664K, used 8765K [0x00000000d5580000, 0x00000000dd100000, 0x0000000100000000)
  eden space 101376K, 0% used [0x00000000d5580000,0x00000000d5580000,0x00000000db880000)
  from space 12288K, 71% used [0x00000000db880000,0x00000000dc10f690,0x00000000dc480000)
  to   space 11776K, 0% used [0x00000000dc480000,0x00000000dc480000,0x00000000dd000000)
 ParOldGen       total 98304K, used 7301K [0x0000000080000000, 0x0000000086000000, 0x00000000d5580000)
  object space 98304K, 7% used [0x0000000080000000,0x00000000807214d0,0x0000000086000000)
 Metaspace       used 34253K, capacity 35380K, committed 35496K, reserved 1079296K
  class space    used 4708K, capacity 4969K, committed 5040K, reserved 1048576K
Event: 10.888 GC heap after
Heap after GC invocations=9 (full 2):
 PSYoungGen      total 113664K, used 0K [0x00000000d5580000, 0x00000000dd100000, 0x0000000100000000)
  eden space 101376K, 0% used [0x00000000d5580000,0x00000000d5580000,0x00000000db880000)
  from space 12288K, 0% used [0x00000000db880000,0x00000000db880000,0x00000000dc480000)
  to   space 11776K, 0% used [0x00000000dc480000,0x00000000dc480000,0x00000000dd000000)
 ParOldGen       total 98304K, used 15187K [0x0000000080000000, 0x0000000086000000, 0x00000000d5580000)
  object space 98304K, 15% used [0x0000000080000000,0x0000000080ed4e90,0x0000000086000000)
 Metaspace       used 34253K, capacity 35380K, committed 35496K, reserved 1079296K
  class space    used 4708K, capacity 4969K, committed 5040K, reserved 1048576K
}

Deoptimization events (10 events):
Event: 8.274 Thread 0x0000000019820800 Uncommon trap: reason=unstable_if action=reinterpret pc=0x0000000002fec9fc method=java.lang.ref.Reference.tryHandlePending(Z)Z @ 104
Event: 8.309 Thread 0x000000001c3b2800 Uncommon trap: reason=unstable_if action=reinterpret pc=0x0000000002f944bc method=java.net.URLClassLoader.defineClass(Ljava/lang/String;Lsun/misc/Resource;)Ljava/lang/Class; @ 21
Event: 8.311 Thread 0x000000001c3b2800 Uncommon trap: reason=unstable_if action=reinterpret pc=0x0000000002ec5ef4 method=java.lang.ClassLoader.getClassLoadingLock(Ljava/lang/String;)Ljava/lang/Object; @ 6
Event: 8.889 Thread 0x000000001c3b2800 Uncommon trap: reason=unstable_if action=reinterpret pc=0x0000000002f74084 method=java.util.HashMap.getNode(ILjava/lang/Object;)Ljava/util/HashMap$Node; @ 53
Event: 8.889 Thread 0x000000001c3b2800 Uncommon trap: reason=unstable_if action=reinterpret pc=0x0000000002f67e78 method=java.util.HashMap.putVal(ILjava/lang/Object;Ljava/lang/Object;ZZ)Ljava/lang/Object; @ 85
Event: 9.073 Thread 0x000000001c3b2800 Uncommon trap: reason=unstable_if action=reinterpret pc=0x0000000003303604 method=org.gradle.internal.reflect.PropertyAccessorType.isGetGetterName(Ljava/lang/String;)Z @ 14
Event: 9.150 Thread 0x000000001c3b2800 Uncommon trap: reason=unstable_if action=reinterpret pc=0x00000000030d8240 method=org.objectweb.asm.ByteVector.putShort(I)Lorg/objectweb/asm/ByteVector; @ 13
Event: 9.385 Thread 0x000000001c3b2800 Uncommon trap: reason=unstable_if action=reinterpret pc=0x0000000002ff50e4 method=java.net.URLClassLoader.defineClass(Ljava/lang/String;Lsun/misc/Resource;)Ljava/lang/Class; @ 21
Event: 9.594 Thread 0x000000001c3b2800 Uncommon trap: reason=unstable_if action=reinterpret pc=0x000000000339e80c method=org.codehaus.groovy.runtime.metaclass.MetaMethodIndex.addMethodToList(Ljava/lang/Object;Lgroovy/lang/MetaMethod;)Ljava/lang/Object; @ 226
Event: 10.141 Thread 0x000000001c3b2800 Uncommon trap: reason=range_check action=make_not_entrant pc=0x000000000336fc70 method=java.lang.String.charAt(I)C @ 27

Classes redefined (0 events):
No events

Internal exceptions (10 events):
Event: 10.429 Thread 0x000000001c3b2800 Exception <a 'java/lang/ClassNotFoundException': groovy/lang/GString$1BeanInfo> (0x00000000d6460148) thrown at [C:\src\AOSP-openjdk-git\hotspot\src\share\vm\classfile\systemDictionary.cpp, line 210]
Event: 10.431 Thread 0x000000001c3b2800 Exception <a 'java/lang/ClassNotFoundException': groovy/lang/GStringBeanInfo> (0x00000000d64815b8) thrown at [C:\src\AOSP-openjdk-git\hotspot\src\share\vm\classfile\systemDictionary.cpp, line 210]
Event: 10.433 Thread 0x000000001c3b2800 Exception <a 'java/lang/ClassNotFoundException': groovy/lang/GStringCustomizer> (0x00000000d64a3628) thrown at [C:\src\AOSP-openjdk-git\hotspot\src\share\vm\classfile\systemDictionary.cpp, line 210]
Event: 10.436 Thread 0x000000001c3b2800 Exception <a 'java/lang/ClassNotFoundException': groovy/lang/GString$1Customizer> (0x00000000d64d19d8) thrown at [C:\src\AOSP-openjdk-git\hotspot\src\share\vm\classfile\systemDictionary.cpp, line 210]
Event: 10.446 Thread 0x000000001c3b2800 Exception <a 'java/lang/ClassNotFoundException': org/codehaus/groovy/runtime/GStringImplBeanInfo> (0x00000000d65806f0) thrown at [C:\src\AOSP-openjdk-git\hotspot\src\share\vm\classfile\systemDictionary.cpp, line 210]
Event: 10.449 Thread 0x000000001c3b2800 Exception <a 'java/lang/ClassNotFoundException': org/codehaus/groovy/runtime/GStringImplCustomizer> (0x00000000d65ac758) thrown at [C:\src\AOSP-openjdk-git\hotspot\src\share\vm\classfile\systemDictionary.cpp, line 210]
Event: 10.656 Thread 0x000000001c3b2800 Exception <a 'java/lang/NoSuchMethodError': java.lang.Object.lambda$static$0(Lorg/gradle/api/internal/artifacts/configurations/MutationValidator$MutationType;)V> (0x00000000d6b0e720) thrown at [C:\src\AOSP-openjdk-git\hotspot\src\share\vm\interpreter\link
Event: 11.010 Thread 0x000000001c3b2800 Exception <a 'java/lang/NoSuchMethodError': java.lang.Object.lambda$static$0(Lorg/gradle/internal/component/model/DependencyMetadata;)Lorg/gradle/api/internal/artifacts/ivyservice/dependencysubstitution/DependencySubstitutionApplicator$SubstitutionResult;
Event: 11.171 Thread 0x000000001c3b2800 Exception <a 'java/lang/IncompatibleClassChangeError': Found class java.lang.Object, but interface was expected> (0x00000000d6065248) thrown at [C:\src\AOSP-openjdk-git\hotspot\src\share\vm\interpreter\linkResolver.cpp, line 653]
Event: 11.173 Thread 0x000000001c3b2800 Exception <a 'java/lang/NoSuchMethodError': java.lang.Object.lambda$thenComparing$36697e65$1(Ljava/util/Comparator;Ljava/lang/Object;Ljava/lang/Object;)I> (0x00000000d6070b78) thrown at [C:\src\AOSP-openjdk-git\hotspot\src\share\vm\interpreter\linkResolve

Events (10 events):
Event: 11.219 loading class org/gradle/api/artifacts/component/ModuleComponentSelector
Event: 11.219 loading class org/gradle/api/artifacts/component/ModuleComponentSelector done
Event: 11.221 loading class org/gradle/api/artifacts/ExcludeRule
Event: 11.221 loading class org/gradle/api/artifacts/ExcludeRule done
Event: 11.221 loading class org/gradle/api/artifacts/ExcludeRule
Event: 11.221 loading class org/gradle/api/artifacts/ExcludeRule done
Event: 11.221 loading class org/gradle/api/internal/artifacts/ivyservice/moduleconverter/dependencies/ExcludeRuleConverter
Event: 11.221 loading class org/gradle/api/internal/artifacts/ivyservice/moduleconverter/dependencies/ExcludeRuleConverter done
Event: 11.224 loading class org/gradle/internal/component/model/LocalComponentDependencyMetadata
Event: 11.224 loading class org/gradle/internal/component/model/LocalComponentDependencyMetadata done


Dynamic libraries:
0x00007ff601090000 - 0x00007ff6010c1000 	C:\Program Files\Android\Android Studio\jre\bin\java.exe
0x00007ffb89b50000 - 0x00007ffb89d46000 	C:\Windows\SYSTEM32\ntdll.dll
0x00007ffb89a30000 - 0x00007ffb89aed000 	C:\Windows\System32\KERNEL32.DLL
0x00007ffb87830000 - 0x00007ffb87af9000 	C:\Windows\System32\KERNELBASE.dll
0x00007ffb88420000 - 0x00007ffb884cc000 	C:\Windows\System32\ADVAPI32.dll
0x00007ffb88b00000 - 0x00007ffb88b9e000 	C:\Windows\System32\msvcrt.dll
0x00007ffb88c60000 - 0x00007ffb88cfc000 	C:\Windows\System32\sechost.dll
0x00007ffb88020000 - 0x00007ffb8814b000 	C:\Windows\System32\RPCRT4.dll
0x00007ffb89830000 - 0x00007ffb899d0000 	C:\Windows\System32\USER32.dll
0x00007ffb877b0000 - 0x00007ffb877d2000 	C:\Windows\System32\win32u.dll
0x00007ffb889a0000 - 0x00007ffb889ca000 	C:\Windows\System32\GDI32.dll
0x00007ffb87450000 - 0x00007ffb8755b000 	C:\Windows\System32\gdi32full.dll
0x00007ffb87710000 - 0x00007ffb877ad000 	C:\Windows\System32\msvcp_win.dll
0x00007ffb87590000 - 0x00007ffb87690000 	C:\Windows\System32\ucrtbase.dll
0x00007ffb703a0000 - 0x00007ffb7063b000 	C:\Windows\WinSxS\amd64_microsoft.windows.common-controls_6595b64144ccf1df_6.0.19041.746_none_ca02b4b61b8320a4\COMCTL32.dll
0x00007ffb897f0000 - 0x00007ffb89820000 	C:\Windows\System32\IMM32.DLL
0x000000006c740000 - 0x000000006c812000 	C:\Program Files\Android\Android Studio\jre\jre\bin\msvcr100.dll
0x000000006ac00000 - 0x000000006b44b000 	C:\Program Files\Android\Android Studio\jre\jre\bin\server\jvm.dll
0x00007ffb89820000 - 0x00007ffb89828000 	C:\Windows\System32\PSAPI.DLL
0x00007ffb6ece0000 - 0x00007ffb6ece9000 	C:\Windows\SYSTEM32\WSOCK32.dll
0x00007ffb827a0000 - 0x00007ffb827c7000 	C:\Windows\SYSTEM32\WINMM.dll
0x00007ffb889e0000 - 0x00007ffb88a4b000 	C:\Windows\System32\WS2_32.dll
0x00007ffb7b1f0000 - 0x00007ffb7b1fa000 	C:\Windows\SYSTEM32\VERSION.dll
0x00007ffb826f0000 - 0x00007ffb826ff000 	C:\Program Files\Android\Android Studio\jre\jre\bin\verify.dll
0x00007ffb67c50000 - 0x00007ffb67c79000 	C:\Program Files\Android\Android Studio\jre\jre\bin\java.dll
0x00007ffb6dea0000 - 0x00007ffb6deb6000 	C:\Program Files\Android\Android Studio\jre\jre\bin\zip.dll
0x00007ffb890a0000 - 0x00007ffb897e3000 	C:\Windows\System32\SHELL32.dll
0x00007ffb853d0000 - 0x00007ffb85b5f000 	C:\Windows\SYSTEM32\windows.storage.dll
0x00007ffb87c40000 - 0x00007ffb87f96000 	C:\Windows\System32\combase.dll
0x00007ffb86cf0000 - 0x00007ffb86d1c000 	C:\Windows\SYSTEM32\Wldp.dll
0x00007ffb88bb0000 - 0x00007ffb88c5e000 	C:\Windows\System32\SHCORE.dll
0x00007ffb899d0000 - 0x00007ffb89a25000 	C:\Windows\System32\shlwapi.dll
0x00007ffb871c0000 - 0x00007ffb871e6000 	C:\Windows\SYSTEM32\profapi.dll
0x00007ffb6d920000 - 0x00007ffb6d93a000 	C:\Program Files\Android\Android Studio\jre\jre\bin\net.dll
0x00007ffb86a70000 - 0x00007ffb86ada000 	C:\Windows\system32\mswsock.dll
0x00007ffb6d690000 - 0x00007ffb6d6a3000 	C:\Program Files\Android\Android Studio\jre\jre\bin\nio.dll
0x00007ffb820d0000 - 0x00007ffb820f7000 	C:\Users\Alaiz\.gradle\native\f6784746aeab05261644944871eae4fe03e0ef1612fff0a4a95f87b438bc6780\windows-amd64\native-platform.dll
0x00007ffb80250000 - 0x00007ffb8025d000 	C:\Program Files\Android\Android Studio\jre\jre\bin\management.dll
0x00007ffb86c50000 - 0x00007ffb86c68000 	C:\Windows\SYSTEM32\CRYPTSP.dll
0x00007ffb863a0000 - 0x00007ffb863d4000 	C:\Windows\system32\rsaenh.dll
0x00007ffb87560000 - 0x00007ffb87587000 	C:\Windows\System32\bcrypt.dll
0x00007ffb87180000 - 0x00007ffb871ae000 	C:\Windows\SYSTEM32\USERENV.dll
0x00007ffb87690000 - 0x00007ffb87710000 	C:\Windows\System32\bcryptprimitives.dll
0x00007ffb86c40000 - 0x00007ffb86c4c000 	C:\Windows\SYSTEM32\CRYPTBASE.dll
0x00007ffb86710000 - 0x00007ffb8674b000 	C:\Windows\SYSTEM32\IPHLPAPI.DLL
0x00007ffb889d0000 - 0x00007ffb889d8000 	C:\Windows\System32\NSI.dll
0x00007ffb74db0000 - 0x00007ffb74dc7000 	C:\Windows\SYSTEM32\dhcpcsvc6.DLL
0x00007ffb75530000 - 0x00007ffb7554d000 	C:\Windows\SYSTEM32\dhcpcsvc.DLL
0x00007ffb86750000 - 0x00007ffb8681b000 	C:\Windows\SYSTEM32\DNSAPI.dll
0x00007ffb7aa40000 - 0x00007ffb7aa4b000 	C:\Windows\SYSTEM32\WINNSI.DLL

VM Arguments:
jvm_args: -Xmx2048m -Dfile.encoding=UTF-8 -Duser.country=US -Duser.language=en -Duser.variant 
java_command: org.gradle.launcher.daemon.bootstrap.GradleDaemon 6.5
java_class_path (initial): C:\Users\Alaiz\.gradle\wrapper\dists\gradle-6.5-bin\6nifqtx7604sqp1q6g8wikw7p\gradle-6.5\lib\gradle-launcher-6.5.jar
Launcher Type: SUN_STANDARD

Environment Variables:
PATH=C:\Windows\system32;C:\Windows;C:\Windows\System32\Wbem;C:\Windows\System32\WindowsPowerShell\v1.0\;C:\Windows\System32\OpenSSH\;C:\Program Files (x86)\Common Files\Lenovo;C:\Program Files\Git\cmd;C:\Users\Alaiz\AppData\Local\Microsoft\WindowsApps;C:\adb;C:\Program Files\Java\jdk-14.0.2\bin;C:\Users\Alaiz\AppData\Roaming\Microsoft\Windows\Start Menu\Programs\Python 3.9;;C:\Program Files\Microsoft VS Code\bin;C:\Users\Alaiz\AppData\Local\Programs\Python\Python39\Scripts\;C:\Users\Alaiz\AppData\Local\Programs\Python\Python39\;C:\Users\Alaiz\AppData\Local\Microsoft\WindowsApps;C:\Program Files\JetBrains\PyCharm Community Edition 2020.2.3\bin;;C:\flutter\flutter\bin;C:\Users\Alaiz\AppData\Local\GitHubDesktop\bin
USERNAME=Alaiz
OS=Windows_NT
PROCESSOR_IDENTIFIER=Intel64 Family 6 Model 142 Stepping 12, GenuineIntel



---------------  S Y S T E M  ---------------

OS: Windows 10.0 , 64 bit Build 19041 (10.0.19041.662)

CPU:total 8 (initial active 8) (4 cores per cpu, 2 threads per core) family 6 model 142 stepping 12, cmov, cx8, fxsr, mmx, sse, sse2, sse3, ssse3, sse4.1, sse4.2, popcnt, avx, avx2, aes, clmul, erms, 3dnowpref, lzcnt, ht, tsc, tscinvbit, bmi1, bmi2, adx

Memory: 4k page, physical 16614968k(92456k free), swap 47755956k(376k free)

vm_info: OpenJDK 64-Bit Server VM (25.242-b01) for windows-amd64 JRE (1.8.0_242-release-1644-b01), built by "builder" with MS VC++ 10.0 (VS2010)

time: Fri Feb 12 23:13:57 2021
timezone: Arab Standard Time
elapsed time: 11 seconds (0d 0h 0m 11s)

