#
# There is insufficient memory for the Java Runtime Environment to continue.
# Native memory allocation (malloc) failed to allocate 1908336 bytes for Chunk::new
# Possible reasons:
#   The system is out of physical RAM or swap space
#   The process is running with CompressedOops enabled, and the Java Heap may be blocking the growth of the native heap
# Possible solutions:
#   Reduce memory load on the system
#   Increase physical memory or swap space
#   Check if swap backing store is full
#   Decrease Java heap size (-Xmx/-Xms)
#   Decrease number of Java threads
#   Decrease Java thread stack sizes (-Xss)
#   Set larger code cache with -XX:ReservedCodeCacheSize=
#   JVM is running with Unscaled Compressed Oops mode in which the Java heap is
#     placed in the first 4GB address space. The Java Heap base address is the
#     maximum limit for the native heap growth. Please use -XX:HeapBaseMinAddress
#     to set the Java Heap base and to place the Java Heap above 4GB virtual address.
# This output file may be truncated or incomplete.
#
#  Out of Memory Error (allocation.cpp:389), pid=29768, tid=0x0000000000005620
#
# JRE version: OpenJDK Runtime Environment (8.0_242-b01) (build 1.8.0_242-release-1644-b01)
# Java VM: OpenJDK 64-Bit Server VM (25.242-b01 mixed mode windows-amd64 compressed oops)
# Failed to write core dump. Minidumps are not enabled by default on client versions of Windows
#

---------------  T H R E A D  ---------------

Current thread (0x0000000019afd000):  JavaThread "C2 CompilerThread2" daemon [_thread_in_native, id=22048, stack(0x000000001a5c0000,0x000000001a6c0000)]

Stack: [0x000000001a5c0000,0x000000001a6c0000]
[error occurred during error reporting (printing stack bounds), id 0xc0000005]

Native frames: (J=compiled Java code, j=interpreted, Vv=VM code, C=native code)


Current CompileTask:
C2:   8776 2663       4       groovy.lang.MetaClassImpl$1MOPIter::methodNameAction (325 bytes)


---------------  P R O C E S S  ---------------

Java Threads: ( => current thread )
  0x0000000019b46000 JavaThread "Cache worker for file content cache (C:\Users\Alaiz\.gradle\caches\6.5\fileContent)" [_thread_blocked, id=2888, stack(0x0000000022ce0000,0x0000000022de0000)]
  0x0000000019b45000 JavaThread "jar transforms" [_thread_blocked, id=26628, stack(0x0000000022be0000,0x0000000022ce0000)]
  0x0000000019b44800 JavaThread "Cache worker for execution history cache (C:\Users\Alaiz\.gradle\caches\6.5\executionHistory)" [_thread_blocked, id=19828, stack(0x00000000223d0000,0x00000000224d0000)]
  0x0000000019b47800 JavaThread "Cache worker for cache directory md-rule (C:\Users\Alaiz\.gradle\caches\6.5\md-rule)" [_thread_blocked, id=25800, stack(0x00000000222d0000,0x00000000223d0000)]
  0x0000000019b43800 JavaThread "Cache worker for cache directory md-supplier (C:\Users\Alaiz\.gradle\caches\6.5\md-supplier)" [_thread_blocked, id=22188, stack(0x0000000020f80000,0x0000000021080000)]
  0x0000000019b43000 JavaThread "Cache worker for checksums cache (C:\Users\Alaiz\AndroidStudioProjects\FoodRecipes\.gradle\checksums)" [_thread_blocked, id=28280, stack(0x0000000020e80000,0x0000000020f80000)]
  0x0000000019b46800 JavaThread "Cache worker for file hash cache (C:\Users\Alaiz\AndroidStudioProjects\FoodRecipes\.gradle\6.5\fileHashes)" [_thread_blocked, id=21568, stack(0x00000000226e0000,0x00000000227e0000)]
  0x0000000019b48000 JavaThread "Cache worker for file hash cache (C:\Users\Alaiz\.gradle\caches\6.5\fileHashes)" [_thread_blocked, id=2112, stack(0x000000001e9e0000,0x000000001eae0000)]
  0x0000000019b42000 JavaThread "File lock request listener" [_thread_in_native, id=640, stack(0x000000001e8e0000,0x000000001e9e0000)]
  0x000000001c7f3000 JavaThread "Cache worker for journal cache (C:\Users\Alaiz\.gradle\caches\journal-1)" [_thread_blocked, id=8120, stack(0x000000001e7e0000,0x000000001e8e0000)]
  0x000000001c49c000 JavaThread "Thread-9" [_thread_blocked, id=29408, stack(0x000000001e4e0000,0x000000001e5e0000)]
  0x000000001c57a800 JavaThread "Stdin handler" [_thread_blocked, id=30328, stack(0x000000001e3e0000,0x000000001e4e0000)]
  0x000000001c496800 JavaThread "Asynchronous log dispatcher for DefaultDaemonConnection: socket connection from /127.0.0.1:14057 to /127.0.0.1:14058" [_thread_blocked, id=4176, stack(0x000000001e2e0000,0x000000001e3e0000)]
  0x000000001c583800 JavaThread "Daemon worker" [_thread_in_native, id=7752, stack(0x000000001e1e0000,0x000000001e2e0000)]
  0x000000001c582000 JavaThread "Cancel handler" [_thread_blocked, id=24320, stack(0x000000001e0e0000,0x000000001e1e0000)]
  0x000000001c447800 JavaThread "Handler for socket connection from /127.0.0.1:14057 to /127.0.0.1:14058" [_thread_in_native, id=4268, stack(0x000000001dfe0000,0x000000001e0e0000)]
  0x000000001c59f000 JavaThread "Daemon" [_thread_blocked, id=29504, stack(0x000000001dee0000,0x000000001dfe0000)]
  0x000000001c59c000 JavaThread "Daemon periodic checks" [_thread_blocked, id=21976, stack(0x000000001dbe0000,0x000000001dce0000)]
  0x000000001c43c000 JavaThread "Incoming local TCP Connector on port 14057" [_thread_in_native, id=28352, stack(0x000000001d9a0000,0x000000001daa0000)]
  0x000000001c3c3800 JavaThread "Daemon health stats" [_thread_blocked, id=29088, stack(0x000000001d360000,0x000000001d460000)]
  0x0000000019be3800 JavaThread "Service Thread" daemon [_thread_blocked, id=12080, stack(0x000000001a7c0000,0x000000001a8c0000)]
  0x0000000019b49000 JavaThread "C1 CompilerThread3" daemon [_thread_in_native, id=28248, stack(0x000000001a6c0000,0x000000001a7c0000)]
=>0x0000000019afd000 JavaThread "C2 CompilerThread2" daemon [_thread_in_native, id=22048, stack(0x000000001a5c0000,0x000000001a6c0000)]
  0x0000000019af9800 JavaThread "C2 CompilerThread1" daemon [_thread_blocked, id=30236, stack(0x000000001a4c0000,0x000000001a5c0000)]
  0x0000000019af6800 JavaThread "C2 CompilerThread0" daemon [_thread_blocked, id=15704, stack(0x000000001a3c0000,0x000000001a4c0000)]
  0x0000000019b41000 JavaThread "Attach Listener" daemon [_thread_blocked, id=30484, stack(0x000000001a2c0000,0x000000001a3c0000)]
  0x0000000019b40800 JavaThread "Signal Dispatcher" daemon [_thread_blocked, id=8564, stack(0x000000001a1c0000,0x000000001a2c0000)]
  0x0000000002c5c800 JavaThread "Finalizer" daemon [_thread_blocked, id=30520, stack(0x0000000019fc0000,0x000000001a0c0000)]
  0x0000000019ae0800 JavaThread "Reference Handler" daemon [_thread_blocked, id=30684, stack(0x0000000019ec0000,0x0000000019fc0000)]
  0x000000000296d800 JavaThread "main" [_thread_blocked, id=28112, stack(0x0000000002a60000,0x0000000002b60000)]

Other Threads:
  0x0000000017cc8000 VMThread [stack: 0x00000000199c0000,0x0000000019ac0000] [id=28896]
  0x0000000019be4800 WatcherThread [stack: 0x000000001a8c0000,0x000000001a9c0000] [id=15680]

VM state:not at safepoint (normal execution)

VM Mutex/Monitor currently owned by a thread: None

heap address: 0x0000000080000000, size: 2048 MB, Compressed Oops mode: 32-bit
Narrow klass base: 0x0000000000000000, Narrow klass shift: 3
Compressed class space size: 1073741824 Address: 0x0000000100000000

Heap:
 PSYoungGen      total 120832K, used 29275K [0x00000000d5580000, 0x00000000e2680000, 0x0000000100000000)
  eden space 108544K, 26% used [0x00000000d5580000,0x00000000d7216e28,0x00000000dbf80000)
  from space 12288K, 0% used [0x00000000dbf80000,0x00000000dbf80000,0x00000000dcb80000)
  to   space 11776K, 0% used [0x00000000e1b00000,0x00000000e1b00000,0x00000000e2680000)
 ParOldGen       total 139264K, used 15272K [0x0000000080000000, 0x0000000088800000, 0x00000000d5580000)
  object space 139264K, 10% used [0x0000000080000000,0x0000000080eea1e0,0x0000000088800000)
 Metaspace       used 35710K, capacity 36924K, committed 37208K, reserved 1081344K
  class space    used 4888K, capacity 5169K, committed 5248K, reserved 1048576K

Card table byte_map: [0x0000000012020000,0x0000000012430000] byte_map_base: 0x0000000011c20000

Marking Bits: (ParMarkBitMap*) 0x000000006b3cf030
 Begin Bits: [0x0000000012ee0000, 0x0000000014ee0000)
 End Bits:   [0x0000000014ee0000, 0x0000000016ee0000)

Polling page: 0x0000000001130000

CodeCache: size=245760Kb used=11627Kb max_used=11627Kb free=234132Kb
 bounds [0x0000000002c60000, 0x00000000037c0000, 0x0000000011c60000]
 total_blobs=3956 nmethods=3257 adapters=612
 compilation: enabled

Compilation events (10 events):
Event: 8.766 Thread 0x0000000019b49000 nmethod 3176 0x00000000037a0090 code [0x00000000037a0280, 0x00000000037a0bc8]
Event: 8.766 Thread 0x0000000019b49000 3177       3       org.gradle.internal.component.external.model.ImmutableCapability::<init> (58 bytes)
Event: 8.767 Thread 0x0000000019b49000 nmethod 3177 0x00000000037a0fd0 code [0x00000000037a1200, 0x00000000037a1e88]
Event: 8.767 Thread 0x0000000019b49000 3179       1       org.gradle.internal.resolve.result.DefaultBuildableComponentIdResolveResult::getFailure (5 bytes)
Event: 8.767 Thread 0x0000000019b49000 nmethod 3179 0x00000000037a2490 code [0x00000000037a25e0, 0x00000000037a26f0]
Event: 8.767 Thread 0x0000000019b49000 3180       1       org.gradle.api.internal.artifacts.dependencies.DefaultResolvedVersionConstraint::getRequiredSelector (5 bytes)
Event: 8.767 Thread 0x0000000019b49000 nmethod 3180 0x00000000037a2750 code [0x00000000037a28a0, 0x00000000037a29b0]
Event: 8.767 Thread 0x0000000019b49000 3178       1       org.gradle.api.internal.artifacts.ivyservice.resolveengine.excludes.ModuleExclusions::nothing (5 bytes)
Event: 8.767 Thread 0x0000000019b49000 nmethod 3178 0x00000000037a2a10 code [0x00000000037a2b60, 0x00000000037a2c70]
Event: 8.767 Thread 0x0000000019b49000 3181       3       org.gradle.api.internal.artifacts.DefaultModuleVersionIdentifier::getGroup (10 bytes)

GC Heap History (10 events):
Event: 5.621 GC heap before
{Heap before GC invocations=5 (full 1):
 PSYoungGen      total 75776K, used 7330K [0x00000000d5580000, 0x00000000de980000, 0x0000000100000000)
  eden space 65024K, 0% used [0x00000000d5580000,0x00000000d5580000,0x00000000d9500000)
  from space 10752K, 68% used [0x00000000d9f80000,0x00000000da6a8948,0x00000000daa00000)
  to   space 10752K, 0% used [0x00000000d9500000,0x00000000d9500000,0x00000000d9f80000)
 ParOldGen       total 173568K, used 879K [0x0000000080000000, 0x000000008a980000, 0x00000000d5580000)
  object space 173568K, 0% used [0x0000000080000000,0x00000000800dbe80,0x000000008a980000)
 Metaspace       used 20525K, capacity 21192K, committed 21248K, reserved 1067008K
  class space    used 2861K, capacity 3044K, committed 3072K, reserved 1048576K
Event: 5.669 GC heap after
Heap after GC invocations=5 (full 1):
 PSYoungGen      total 75776K, used 0K [0x00000000d5580000, 0x00000000de980000, 0x0000000100000000)
  eden space 65024K, 0% used [0x00000000d5580000,0x00000000d5580000,0x00000000d9500000)
  from space 10752K, 0% used [0x00000000d9f80000,0x00000000d9f80000,0x00000000daa00000)
  to   space 10752K, 0% used [0x00000000d9500000,0x00000000d9500000,0x00000000d9f80000)
 ParOldGen       total 92160K, used 7155K [0x0000000080000000, 0x0000000085a00000, 0x00000000d5580000)
  object space 92160K, 7% used [0x0000000080000000,0x00000000806fcfe0,0x0000000085a00000)
 Metaspace       used 20525K, capacity 21192K, committed 21248K, reserved 1067008K
  class space    used 2861K, capacity 3044K, committed 3072K, reserved 1048576K
}
Event: 6.597 GC heap before
{Heap before GC invocations=6 (full 1):
 PSYoungGen      total 75776K, used 65024K [0x00000000d5580000, 0x00000000de980000, 0x0000000100000000)
  eden space 65024K, 100% used [0x00000000d5580000,0x00000000d9500000,0x00000000d9500000)
  from space 10752K, 0% used [0x00000000d9f80000,0x00000000d9f80000,0x00000000daa00000)
  to   space 10752K, 0% used [0x00000000d9500000,0x00000000d9500000,0x00000000d9f80000)
 ParOldGen       total 92160K, used 7155K [0x0000000080000000, 0x0000000085a00000, 0x00000000d5580000)
  object space 92160K, 7% used [0x0000000080000000,0x00000000806fcfe0,0x0000000085a00000)
 Metaspace       used 28522K, capacity 29374K, committed 29568K, reserved 1075200K
  class space    used 3942K, capacity 4187K, committed 4224K, reserved 1048576K
Event: 6.603 GC heap after
Heap after GC invocations=6 (full 1):
 PSYoungGen      total 75776K, used 8317K [0x00000000d5580000, 0x00000000dd700000, 0x0000000100000000)
  eden space 65024K, 0% used [0x00000000d5580000,0x00000000d5580000,0x00000000d9500000)
  from space 10752K, 77% used [0x00000000d9500000,0x00000000d9d1f7c0,0x00000000d9f80000)
  to   space 11776K, 0% used [0x00000000dcb80000,0x00000000dcb80000,0x00000000dd700000)
 ParOldGen       total 92160K, used 7163K [0x0000000080000000, 0x0000000085a00000, 0x00000000d5580000)
  object space 92160K, 7% used [0x0000000080000000,0x00000000806fefe0,0x0000000085a00000)
 Metaspace       used 28522K, capacity 29374K, committed 29568K, reserved 1075200K
  class space    used 3942K, capacity 4187K, committed 4224K, reserved 1048576K
}
Event: 7.354 GC heap before
{Heap before GC invocations=7 (full 1):
 PSYoungGen      total 75776K, used 73341K [0x00000000d5580000, 0x00000000dd700000, 0x0000000100000000)
  eden space 65024K, 100% used [0x00000000d5580000,0x00000000d9500000,0x00000000d9500000)
  from space 10752K, 77% used [0x00000000d9500000,0x00000000d9d1f7c0,0x00000000d9f80000)
  to   space 11776K, 0% used [0x00000000dcb80000,0x00000000dcb80000,0x00000000dd700000)
 ParOldGen       total 92160K, used 7163K [0x0000000080000000, 0x0000000085a00000, 0x00000000d5580000)
  object space 92160K, 7% used [0x0000000080000000,0x00000000806fefe0,0x0000000085a00000)
 Metaspace       used 32724K, capacity 33700K, committed 33920K, reserved 1079296K
  class space    used 4452K, capacity 4718K, committed 4736K, reserved 1048576K
Event: 7.367 GC heap after
Heap after GC invocations=7 (full 1):
 PSYoungGen      total 120320K, used 9611K [0x00000000d5580000, 0x00000000dd800000, 0x0000000100000000)
  eden space 108544K, 0% used [0x00000000d5580000,0x00000000d5580000,0x00000000dbf80000)
  from space 11776K, 81% used [0x00000000dcb80000,0x00000000dd4e2d38,0x00000000dd700000)
  to   space 12288K, 0% used [0x00000000dbf80000,0x00000000dbf80000,0x00000000dcb80000)
 ParOldGen       total 92160K, used 7171K [0x0000000080000000, 0x0000000085a00000, 0x00000000d5580000)
  object space 92160K, 7% used [0x0000000080000000,0x0000000080700fe0,0x0000000085a00000)
 Metaspace       used 32724K, capacity 33700K, committed 33920K, reserved 1079296K
  class space    used 4452K, capacity 4718K, committed 4736K, reserved 1048576K
}
Event: 7.946 GC heap before
{Heap before GC invocations=8 (full 1):
 PSYoungGen      total 120320K, used 42694K [0x00000000d5580000, 0x00000000dd800000, 0x0000000100000000)
  eden space 108544K, 30% used [0x00000000d5580000,0x00000000d75cece8,0x00000000dbf80000)
  from space 11776K, 81% used [0x00000000dcb80000,0x00000000dd4e2d38,0x00000000dd700000)
  to   space 12288K, 0% used [0x00000000dbf80000,0x00000000dbf80000,0x00000000dcb80000)
 ParOldGen       total 92160K, used 7171K [0x0000000080000000, 0x0000000085a00000, 0x00000000d5580000)
  object space 92160K, 7% used [0x0000000080000000,0x0000000080700fe0,0x0000000085a00000)
 Metaspace       used 34250K, capacity 35380K, committed 35416K, reserved 1079296K
  class space    used 4707K, capacity 4969K, committed 4992K, reserved 1048576K
Event: 7.976 GC heap after
Heap after GC invocations=8 (full 1):
 PSYoungGen      total 120832K, used 8822K [0x00000000d5580000, 0x00000000e2680000, 0x0000000100000000)
  eden space 108544K, 0% used [0x00000000d5580000,0x00000000d5580000,0x00000000dbf80000)
  from space 12288K, 71% used [0x00000000dbf80000,0x00000000dc81da10,0x00000000dcb80000)
  to   space 11776K, 0% used [0x00000000e1b00000,0x00000000e1b00000,0x00000000e2680000)
 ParOldGen       total 92160K, used 7179K [0x0000000080000000, 0x0000000085a00000, 0x00000000d5580000)
  object space 92160K, 7% used [0x0000000080000000,0x0000000080702fe0,0x0000000085a00000)
 Metaspace       used 34250K, capacity 35380K, committed 35416K, reserved 1079296K
  class space    used 4707K, capacity 4969K, committed 4992K, reserved 1048576K
}
Event: 7.976 GC heap before
{Heap before GC invocations=9 (full 2):
 PSYoungGen      total 120832K, used 8822K [0x00000000d5580000, 0x00000000e2680000, 0x0000000100000000)
  eden space 108544K, 0% used [0x00000000d5580000,0x00000000d5580000,0x00000000dbf80000)
  from space 12288K, 71% used [0x00000000dbf80000,0x00000000dc81da10,0x00000000dcb80000)
  to   space 11776K, 0% used [0x00000000e1b00000,0x00000000e1b00000,0x00000000e2680000)
 ParOldGen       total 92160K, used 7179K [0x0000000080000000, 0x0000000085a00000, 0x00000000d5580000)
  object space 92160K, 7% used [0x0000000080000000,0x0000000080702fe0,0x0000000085a00000)
 Metaspace       used 34250K, capacity 35380K, committed 35416K, reserved 1079296K
  class space    used 4707K, capacity 4969K, committed 4992K, reserved 1048576K
Event: 8.059 GC heap after
Heap after GC invocations=9 (full 2):
 PSYoungGen      total 120832K, used 0K [0x00000000d5580000, 0x00000000e2680000, 0x0000000100000000)
  eden space 108544K, 0% used [0x00000000d5580000,0x00000000d5580000,0x00000000dbf80000)
  from space 12288K, 0% used [0x00000000dbf80000,0x00000000dbf80000,0x00000000dcb80000)
  to   space 11776K, 0% used [0x00000000e1b00000,0x00000000e1b00000,0x00000000e2680000)
 ParOldGen       total 139264K, used 15272K [0x0000000080000000, 0x0000000088800000, 0x00000000d5580000)
  object space 139264K, 10% used [0x0000000080000000,0x0000000080eea1e0,0x0000000088800000)
 Metaspace       used 34250K, capacity 35380K, committed 35416K, reserved 1079296K
  class space    used 4707K, capacity 4969K, committed 4992K, reserved 1048576K
}

Deoptimization events (10 events):
Event: 6.614 Thread 0x000000001c7f3000 Uncommon trap: reason=bimorphic action=maybe_recompile pc=0x000000000338bac0 method=java.io.DataInputStream.readInt()I @ 4
Event: 6.640 Thread 0x000000001c583800 Uncommon trap: reason=unstable_if action=reinterpret pc=0x0000000003273af0 method=java.net.URLClassLoader.defineClass(Ljava/lang/String;Lsun/misc/Resource;)Ljava/lang/Class; @ 21
Event: 6.641 Thread 0x000000001c583800 Uncommon trap: reason=unstable_if action=reinterpret pc=0x00000000031737f4 method=java.lang.ClassLoader.getClassLoadingLock(Ljava/lang/String;)Ljava/lang/Object; @ 6
Event: 6.956 Thread 0x000000001c583800 Uncommon trap: reason=unstable_if action=reinterpret pc=0x000000000322f844 method=java.util.HashMap.getNode(ILjava/lang/Object;)Ljava/util/HashMap$Node; @ 53
Event: 6.956 Thread 0x000000001c583800 Uncommon trap: reason=unstable_if action=reinterpret pc=0x00000000032074f8 method=java.util.HashMap.putVal(ILjava/lang/Object;Ljava/lang/Object;ZZ)Ljava/lang/Object; @ 85
Event: 7.076 Thread 0x000000001c583800 Uncommon trap: reason=unstable_if action=reinterpret pc=0x000000000358c5f4 method=org.gradle.internal.reflect.PropertyAccessorType.isGetGetterName(Ljava/lang/String;)Z @ 14
Event: 7.108 Thread 0x000000001c583800 Uncommon trap: reason=unstable_if action=reinterpret pc=0x0000000003379580 method=org.objectweb.asm.ByteVector.putShort(I)Lorg/objectweb/asm/ByteVector; @ 13
Event: 7.198 Thread 0x000000001c583800 Uncommon trap: reason=unstable_if action=reinterpret pc=0x00000000032c4f68 method=java.net.URLClassLoader.defineClass(Ljava/lang/String;Lsun/misc/Resource;)Ljava/lang/Class; @ 21
Event: 7.276 Thread 0x000000001c583800 Uncommon trap: reason=unstable_if action=reinterpret pc=0x000000000362ff70 method=org.codehaus.groovy.runtime.metaclass.MetaMethodIndex.addMethodToList(Ljava/lang/Object;Lgroovy/lang/MetaMethod;)Ljava/lang/Object; @ 226
Event: 7.414 Thread 0x000000001c583800 Uncommon trap: reason=range_check action=make_not_entrant pc=0x0000000003619674 method=java.lang.String.charAt(I)C @ 27

Classes redefined (0 events):
No events

Internal exceptions (10 events):
Event: 7.571 Thread 0x000000001c583800 Exception <a 'java/lang/ClassNotFoundException': groovy/lang/GStringBeanInfo> (0x00000000d66a0c30) thrown at [C:\src\AOSP-openjdk-git\hotspot\src\share\vm\classfile\systemDictionary.cpp, line 210]
Event: 7.572 Thread 0x000000001c583800 Exception <a 'java/lang/ClassNotFoundException': groovy/lang/GStringCustomizer> (0x00000000d66c2c18) thrown at [C:\src\AOSP-openjdk-git\hotspot\src\share\vm\classfile\systemDictionary.cpp, line 210]
Event: 7.574 Thread 0x000000001c583800 Exception <a 'java/lang/ClassNotFoundException': groovy/lang/GString$1Customizer> (0x00000000d66f0fc8) thrown at [C:\src\AOSP-openjdk-git\hotspot\src\share\vm\classfile\systemDictionary.cpp, line 210]
Event: 7.583 Thread 0x000000001c583800 Exception <a 'java/lang/ClassNotFoundException': org/codehaus/groovy/runtime/GStringImplBeanInfo> (0x00000000d679fd38) thrown at [C:\src\AOSP-openjdk-git\hotspot\src\share\vm\classfile\systemDictionary.cpp, line 210]
Event: 7.584 Thread 0x000000001c583800 Exception <a 'java/lang/ClassNotFoundException': org/codehaus/groovy/runtime/GStringImplCustomizer> (0x00000000d67cbda0) thrown at [C:\src\AOSP-openjdk-git\hotspot\src\share\vm\classfile\systemDictionary.cpp, line 210]
Event: 7.833 Thread 0x000000001c583800 Exception <a 'java/lang/NoSuchMethodError': java.lang.Object.lambda$static$0(Lorg/gradle/api/internal/artifacts/configurations/MutationValidator$MutationType;)V> (0x00000000d6d30f98) thrown at [C:\src\AOSP-openjdk-git\hotspot\src\share\vm\interpreter\link
Event: 8.135 Thread 0x000000001c583800 Exception <a 'java/lang/NoSuchMethodError': java.lang.Object.lambda$static$0(Lorg/gradle/internal/component/model/DependencyMetadata;)Lorg/gradle/api/internal/artifacts/ivyservice/dependencysubstitution/DependencySubstitutionApplicator$SubstitutionResult;
Event: 8.206 Thread 0x000000001c583800 Exception <a 'java/lang/IncompatibleClassChangeError': Found class java.lang.Object, but interface was expected> (0x00000000d60982b8) thrown at [C:\src\AOSP-openjdk-git\hotspot\src\share\vm\interpreter\linkResolver.cpp, line 653]
Event: 8.207 Thread 0x000000001c583800 Exception <a 'java/lang/NoSuchMethodError': java.lang.Object.lambda$thenComparing$36697e65$1(Ljava/util/Comparator;Ljava/lang/Object;Ljava/lang/Object;)I> (0x00000000d60a3be8) thrown at [C:\src\AOSP-openjdk-git\hotspot\src\share\vm\interpreter\linkResolve
Event: 8.386 Thread 0x000000001c583800 Exception <a 'java/lang/NoSuchMethodError': java.lang.Object.lambda$static$0()Z> (0x00000000d6ac36c0) thrown at [C:\src\AOSP-openjdk-git\hotspot\src\share\vm\interpreter\linkResolver.cpp, line 620]

Events (10 events):
Event: 8.750 loading class com/google/common/primitives/Longs$AsciiDigits
Event: 8.750 loading class com/google/common/primitives/Longs$AsciiDigits done
Event: 8.752 loading class org/gradle/api/internal/artifacts/ivyservice/resolveengine/graph/selectors/SelectorStateResolverResults$Registration
Event: 8.752 loading class org/gradle/api/internal/artifacts/ivyservice/resolveengine/graph/selectors/SelectorStateResolverResults$Registration done
Event: 8.753 loading class org/gradle/api/internal/artifacts/ivyservice/resolveengine/graph/conflicts/DefaultConflictResolverDetails
Event: 8.753 loading class org/gradle/api/internal/artifacts/ivyservice/resolveengine/graph/conflicts/DefaultConflictResolverDetails done
Event: 8.754 loading class org/gradle/api/internal/artifacts/ivyservice/resolveengine/graph/conflicts/CompositeConflictResolver$CompositeDetails
Event: 8.754 loading class org/gradle/api/internal/artifacts/ivyservice/resolveengine/graph/conflicts/CompositeConflictResolver$CompositeDetails done
Event: 8.755 loading class org/gradle/api/internal/artifacts/ivyservice/resolveengine/graph/conflicts/VersionConflictResolutionDetails
Event: 8.755 loading class org/gradle/api/internal/artifacts/ivyservice/resolveengine/graph/conflicts/VersionConflictResolutionDetails done


Dynamic libraries:
0x00007ff601090000 - 0x00007ff6010c1000 	C:\Program Files\Android\Android Studio\jre\bin\java.exe
0x00007ffb89b50000 - 0x00007ffb89d46000 	C:\Windows\SYSTEM32\ntdll.dll
0x00007ffb89a30000 - 0x00007ffb89aed000 	C:\Windows\System32\KERNEL32.DLL
0x00007ffb87830000 - 0x00007ffb87af9000 	C:\Windows\System32\KERNELBASE.dll
0x00007ffb88420000 - 0x00007ffb884cc000 	C:\Windows\System32\ADVAPI32.dll
0x00007ffb88b00000 - 0x00007ffb88b9e000 	C:\Windows\System32\msvcrt.dll
0x00007ffb88c60000 - 0x00007ffb88cfc000 	C:\Windows\System32\sechost.dll
0x00007ffb88020000 - 0x00007ffb8814b000 	C:\Windows\System32\RPCRT4.dll
0x00007ffb89830000 - 0x00007ffb899d0000 	C:\Windows\System32\USER32.dll
0x00007ffb877b0000 - 0x00007ffb877d2000 	C:\Windows\System32\win32u.dll
0x00007ffb889a0000 - 0x00007ffb889ca000 	C:\Windows\System32\GDI32.dll
0x00007ffb87450000 - 0x00007ffb8755b000 	C:\Windows\System32\gdi32full.dll
0x00007ffb87710000 - 0x00007ffb877ad000 	C:\Windows\System32\msvcp_win.dll
0x00007ffb87590000 - 0x00007ffb87690000 	C:\Windows\System32\ucrtbase.dll
0x00007ffb703a0000 - 0x00007ffb7063b000 	C:\Windows\WinSxS\amd64_microsoft.windows.common-controls_6595b64144ccf1df_6.0.19041.746_none_ca02b4b61b8320a4\COMCTL32.dll
0x00007ffb897f0000 - 0x00007ffb89820000 	C:\Windows\System32\IMM32.DLL
0x000000006c740000 - 0x000000006c812000 	C:\Program Files\Android\Android Studio\jre\jre\bin\msvcr100.dll
0x000000006ac00000 - 0x000000006b44b000 	C:\Program Files\Android\Android Studio\jre\jre\bin\server\jvm.dll
0x00007ffb89820000 - 0x00007ffb89828000 	C:\Windows\System32\PSAPI.DLL
0x00007ffb827a0000 - 0x00007ffb827c7000 	C:\Windows\SYSTEM32\WINMM.dll
0x00007ffb7b1f0000 - 0x00007ffb7b1fa000 	C:\Windows\SYSTEM32\VERSION.dll
0x00007ffb6ece0000 - 0x00007ffb6ece9000 	C:\Windows\SYSTEM32\WSOCK32.dll
0x00007ffb889e0000 - 0x00007ffb88a4b000 	C:\Windows\System32\WS2_32.dll
0x00007ffb826f0000 - 0x00007ffb826ff000 	C:\Program Files\Android\Android Studio\jre\jre\bin\verify.dll
0x00007ffb67c50000 - 0x00007ffb67c79000 	C:\Program Files\Android\Android Studio\jre\jre\bin\java.dll
0x00007ffb6dea0000 - 0x00007ffb6deb6000 	C:\Program Files\Android\Android Studio\jre\jre\bin\zip.dll
0x00007ffb890a0000 - 0x00007ffb897e3000 	C:\Windows\System32\SHELL32.dll
0x00007ffb853d0000 - 0x00007ffb85b5f000 	C:\Windows\SYSTEM32\windows.storage.dll
0x00007ffb87c40000 - 0x00007ffb87f96000 	C:\Windows\System32\combase.dll
0x00007ffb86cf0000 - 0x00007ffb86d1c000 	C:\Windows\SYSTEM32\Wldp.dll
0x00007ffb88bb0000 - 0x00007ffb88c5e000 	C:\Windows\System32\SHCORE.dll
0x00007ffb899d0000 - 0x00007ffb89a25000 	C:\Windows\System32\shlwapi.dll
0x00007ffb871c0000 - 0x00007ffb871e6000 	C:\Windows\SYSTEM32\profapi.dll
0x00007ffb6d920000 - 0x00007ffb6d93a000 	C:\Program Files\Android\Android Studio\jre\jre\bin\net.dll
0x00007ffb86a70000 - 0x00007ffb86ada000 	C:\Windows\system32\mswsock.dll
0x00007ffb6d690000 - 0x00007ffb6d6a3000 	C:\Program Files\Android\Android Studio\jre\jre\bin\nio.dll
0x00007ffb820d0000 - 0x00007ffb820f7000 	C:\Users\Alaiz\.gradle\native\f6784746aeab05261644944871eae4fe03e0ef1612fff0a4a95f87b438bc6780\windows-amd64\native-platform.dll
0x00007ffb80250000 - 0x00007ffb8025d000 	C:\Program Files\Android\Android Studio\jre\jre\bin\management.dll
0x00007ffb86c50000 - 0x00007ffb86c68000 	C:\Windows\SYSTEM32\CRYPTSP.dll
0x00007ffb863a0000 - 0x00007ffb863d4000 	C:\Windows\system32\rsaenh.dll
0x00007ffb87560000 - 0x00007ffb87587000 	C:\Windows\System32\bcrypt.dll
0x00007ffb87180000 - 0x00007ffb871ae000 	C:\Windows\SYSTEM32\USERENV.dll
0x00007ffb87690000 - 0x00007ffb87710000 	C:\Windows\System32\bcryptprimitives.dll
0x00007ffb86c40000 - 0x00007ffb86c4c000 	C:\Windows\SYSTEM32\CRYPTBASE.dll
0x00007ffb86710000 - 0x00007ffb8674b000 	C:\Windows\SYSTEM32\IPHLPAPI.DLL
0x00007ffb889d0000 - 0x00007ffb889d8000 	C:\Windows\System32\NSI.dll
0x00007ffb74db0000 - 0x00007ffb74dc7000 	C:\Windows\SYSTEM32\dhcpcsvc6.DLL
0x00007ffb75530000 - 0x00007ffb7554d000 	C:\Windows\SYSTEM32\dhcpcsvc.DLL
0x00007ffb86750000 - 0x00007ffb8681b000 	C:\Windows\SYSTEM32\DNSAPI.dll
0x00007ffb7aa40000 - 0x00007ffb7aa4b000 	C:\Windows\SYSTEM32\WINNSI.DLL

VM Arguments:
jvm_args: -Xmx2048m -Dfile.encoding=UTF-8 -Duser.country=US -Duser.language=en -Duser.variant 
java_command: org.gradle.launcher.daemon.bootstrap.GradleDaemon 6.5
java_class_path (initial): C:\Users\Alaiz\.gradle\wrapper\dists\gradle-6.5-bin\6nifqtx7604sqp1q6g8wikw7p\gradle-6.5\lib\gradle-launcher-6.5.jar
Launcher Type: SUN_STANDARD

Environment Variables:
PATH=C:\Windows\system32;C:\Windows;C:\Windows\System32\Wbem;C:\Windows\System32\WindowsPowerShell\v1.0\;C:\Windows\System32\OpenSSH\;C:\Program Files (x86)\Common Files\Lenovo;C:\Program Files\Git\cmd;C:\Users\Alaiz\AppData\Local\Microsoft\WindowsApps;C:\adb;C:\Program Files\Java\jdk-14.0.2\bin;C:\Users\Alaiz\AppData\Roaming\Microsoft\Windows\Start Menu\Programs\Python 3.9;;C:\Program Files\Microsoft VS Code\bin;C:\Users\Alaiz\AppData\Local\Programs\Python\Python39\Scripts\;C:\Users\Alaiz\AppData\Local\Programs\Python\Python39\;C:\Users\Alaiz\AppData\Local\Microsoft\WindowsApps;C:\Program Files\JetBrains\PyCharm Community Edition 2020.2.3\bin;;C:\flutter\flutter\bin;C:\Users\Alaiz\AppData\Local\GitHubDesktop\bin
USERNAME=Alaiz
OS=Windows_NT
PROCESSOR_IDENTIFIER=Intel64 Family 6 Model 142 Stepping 12, GenuineIntel



---------------  S Y S T E M  ---------------

OS: Windows 10.0 , 64 bit Build 19041 (10.0.19041.662)

CPU:total 8 (initial active 8) (4 cores per cpu, 2 threads per core) family 6 model 142 stepping 12, cmov, cx8, fxsr, mmx, sse, sse2, sse3, ssse3, sse4.1, sse4.2, popcnt, avx, avx2, aes, clmul, erms, 3dnowpref, lzcnt, ht, tsc, tscinvbit, bmi1, bmi2, adx

Memory: 4k page, physical 16614968k(200744k free), swap 47755956k(3512k free)

vm_info: OpenJDK 64-Bit Server VM (25.242-b01) for windows-amd64 JRE (1.8.0_242-release-1644-b01), built by "builder" with MS VC++ 10.0 (VS2010)

time: Fri Feb 12 23:14:23 2021
timezone: Arab Standard Time
elapsed time: 8 seconds (0d 0h 0m 8s)

